<?xml version="1.0" encoding="UTF-8"?>
<testng-results skipped="1" failed="0" ignored="0" total="1" passed="0">
  <reporter-output>
  </reporter-output>
  <suite name="Default suite" duration-ms="2746" started-at="2019-09-25T14:40:34 IST" finished-at="2019-09-25T14:40:37 IST">
    <groups>
    </groups>
    <test name="Default test" duration-ms="2746" started-at="2019-09-25T14:40:34 IST" finished-at="2019-09-25T14:40:37 IST">
      <class name="com.training.regression.tests.ELTC_086">
        <test-method status="PASS" signature="setUpBeforeClass()[pri:0, instance:com.training.regression.tests.ELTC_086@32709393]" name="setUpBeforeClass" is-config="true" duration-ms="0" started-at="2019-09-25T14:40:34 IST" finished-at="2019-09-25T14:40:34 IST">
          <reporter-output>
          </reporter-output>
        </test-method> <!-- setUpBeforeClass -->
        <test-method status="FAIL" signature="setUp()[pri:0, instance:com.training.regression.tests.ELTC_086@32709393]" name="setUp" is-config="true" duration-ms="2652" started-at="2019-09-25T14:40:34 IST" finished-at="2019-09-25T14:40:37 IST">
          <exception class="org.openqa.selenium.SessionNotCreatedException">
            <message>
              <![CDATA[session not created: This version of ChromeDriver only supports Chrome version 75
Build info: version: '3.6.0', revision: '6fbf3ec767', time: '2017-09-27T15:28:36.4Z'
System info: host: 'DESKTOP-D1P74TD', ip: '9.109.224.184', os.name: 'Windows 10', os.arch: 'amd64', os.version: '10.0', java.version: '1.8.0_211'
Driver info: driver.version: ChromeDriver
remote stacktrace: Backtrace:
Ordinal0 [0x00251B43+1448771]
Ordinal0 [0x001D5A31+940593]
Ordinal0 [0x00162293+467603]
Ordinal0 [0x000FF27E+62078]
Ordinal0 [0x000FBBBD+48061]
Ordinal0 [0x00118D09+167177]
Ordinal0 [0x001188DD+166109]
Ordinal0 [0x00116FEB+159723]
Ordinal0 [0x001009F6+68086]
Ordinal0 [0x00101990+72080]
Ordinal0 [0x00101929+71977]
GetHandleVerifier [0x00392E8C+1172172]
GetHandleVerifier [0x002EFE55+504469]
GetHandleVerifier [0x002EFBF0+503856]
Ordinal0 [0x0025C9C8+1493448]
GetHandleVerifier [0x002F062A+506474]
Ordinal0 [0x001E7156+1012054]
Ordinal0 [0x001E6FCF+1011663]
Ordinal0 [0x001F135B+1053531]
Ordinal0 [0x001F14C3+1053891]
Ordinal0 [0x001F04F5+1049845]
BaseThreadInitThunk [0x74D80419+25]
RtlGetAppContainerNamedObjectPath [0x7737662D+237]
RtlGetAppContainerNamedObjectPath [0x773765FD+189]
(No symbol) [0x00000000]
]]>
            </message>
            <full-stacktrace>
              <![CDATA[org.openqa.selenium.SessionNotCreatedException: session not created: This version of ChromeDriver only supports Chrome version 75
Build info: version: '3.6.0', revision: '6fbf3ec767', time: '2017-09-27T15:28:36.4Z'
System info: host: 'DESKTOP-D1P74TD', ip: '9.109.224.184', os.name: 'Windows 10', os.arch: 'amd64', os.version: '10.0', java.version: '1.8.0_211'
Driver info: driver.version: ChromeDriver
remote stacktrace: Backtrace:
Ordinal0 [0x00251B43+1448771]
Ordinal0 [0x001D5A31+940593]
Ordinal0 [0x00162293+467603]
Ordinal0 [0x000FF27E+62078]
Ordinal0 [0x000FBBBD+48061]
Ordinal0 [0x00118D09+167177]
Ordinal0 [0x001188DD+166109]
Ordinal0 [0x00116FEB+159723]
Ordinal0 [0x001009F6+68086]
Ordinal0 [0x00101990+72080]
Ordinal0 [0x00101929+71977]
GetHandleVerifier [0x00392E8C+1172172]
GetHandleVerifier [0x002EFE55+504469]
GetHandleVerifier [0x002EFBF0+503856]
Ordinal0 [0x0025C9C8+1493448]
GetHandleVerifier [0x002F062A+506474]
Ordinal0 [0x001E7156+1012054]
Ordinal0 [0x001E6FCF+1011663]
Ordinal0 [0x001F135B+1053531]
Ordinal0 [0x001F14C3+1053891]
Ordinal0 [0x001F04F5+1049845]
BaseThreadInitThunk [0x74D80419+25]
RtlGetAppContainerNamedObjectPath [0x7737662D+237]
RtlGetAppContainerNamedObjectPath [0x773765FD+189]
(No symbol) [0x00000000]

at sun.reflect.NativeConstructorAccessorImpl.newInstance0(Native Method)
at sun.reflect.NativeConstructorAccessorImpl.newInstance(Unknown Source)
at sun.reflect.DelegatingConstructorAccessorImpl.newInstance(Unknown Source)
at java.lang.reflect.Constructor.newInstance(Unknown Source)
at org.openqa.selenium.remote.W3CHandshakeResponse.lambda$new$0(W3CHandshakeResponse.java:57)
at org.openqa.selenium.remote.W3CHandshakeResponse.lambda$getResponseFunction$2(W3CHandshakeResponse.java:104)
at org.openqa.selenium.remote.ProtocolHandshake.lambda$createSession$24(ProtocolHandshake.java:359)
at java.util.stream.ReferencePipeline$3$1.accept(Unknown Source)
at java.util.Spliterators$ArraySpliterator.tryAdvance(Unknown Source)
at java.util.stream.ReferencePipeline.forEachWithCancel(Unknown Source)
at java.util.stream.AbstractPipeline.copyIntoWithCancel(Unknown Source)
at java.util.stream.AbstractPipeline.copyInto(Unknown Source)
at java.util.stream.AbstractPipeline.wrapAndCopyInto(Unknown Source)
at java.util.stream.FindOps$FindOp.evaluateSequential(Unknown Source)
at java.util.stream.AbstractPipeline.evaluate(Unknown Source)
at java.util.stream.ReferencePipeline.findFirst(Unknown Source)
at org.openqa.selenium.remote.ProtocolHandshake.createSession(ProtocolHandshake.java:362)
at org.openqa.selenium.remote.ProtocolHandshake.createSession(ProtocolHandshake.java:136)
at org.openqa.selenium.remote.HttpCommandExecutor.execute(HttpCommandExecutor.java:142)
at org.openqa.selenium.remote.service.DriverCommandExecutor.execute(DriverCommandExecutor.java:83)
at org.openqa.selenium.remote.RemoteWebDriver.execute(RemoteWebDriver.java:586)
at org.openqa.selenium.remote.RemoteWebDriver.startSession(RemoteWebDriver.java:217)
at org.openqa.selenium.remote.RemoteWebDriver.<init>(RemoteWebDriver.java:140)
at org.openqa.selenium.chrome.ChromeDriver.<init>(ChromeDriver.java:181)
at org.openqa.selenium.chrome.ChromeDriver.<init>(ChromeDriver.java:168)
at org.openqa.selenium.chrome.ChromeDriver.<init>(ChromeDriver.java:123)
at com.training.utility.DriverFactory.getDriver(DriverFactory.java:24)
at com.training.regression.tests.ELTC_086.setUp(ELTC_086.java:51)
at sun.reflect.NativeMethodAccessorImpl.invoke0(Native Method)
at sun.reflect.NativeMethodAccessorImpl.invoke(Unknown Source)
at sun.reflect.DelegatingMethodAccessorImpl.invoke(Unknown Source)
at java.lang.reflect.Method.invoke(Unknown Source)
at org.testng.internal.MethodInvocationHelper.invokeMethod(MethodInvocationHelper.java:133)
at org.testng.internal.MethodInvocationHelper.invokeMethodConsideringTimeout(MethodInvocationHelper.java:62)
at org.testng.internal.ConfigInvoker.invokeConfigurationMethod(ConfigInvoker.java:340)
at org.testng.internal.ConfigInvoker.invokeConfigurations(ConfigInvoker.java:294)
at org.testng.internal.TestInvoker.runConfigMethods(TestInvoker.java:683)
at org.testng.internal.TestInvoker.invokeMethod(TestInvoker.java:510)
at org.testng.internal.TestInvoker.invokeTestMethod(TestInvoker.java:172)
at org.testng.internal.MethodRunner.runInSequence(MethodRunner.java:46)
at org.testng.internal.TestInvoker$MethodInvocationAgent.invoke(TestInvoker.java:804)
at org.testng.internal.TestInvoker.invokeTestMethods(TestInvoker.java:145)
at org.testng.internal.TestMethodWorker.invokeTestMethods(TestMethodWorker.java:146)
at org.testng.internal.TestMethodWorker.run(TestMethodWorker.java:128)
at java.util.ArrayList.forEach(Unknown Source)
at org.testng.TestRunner.privateRun(TestRunner.java:770)
at org.testng.TestRunner.run(TestRunner.java:591)
at org.testng.SuiteRunner.runTest(SuiteRunner.java:402)
at org.testng.SuiteRunner.runSequentially(SuiteRunner.java:396)
at org.testng.SuiteRunner.privateRun(SuiteRunner.java:355)
at org.testng.SuiteRunner.run(SuiteRunner.java:304)
at org.testng.SuiteRunnerWorker.runSuite(SuiteRunnerWorker.java:53)
at org.testng.SuiteRunnerWorker.run(SuiteRunnerWorker.java:96)
at org.testng.TestNG.runSuitesSequentially(TestNG.java:1180)
at org.testng.TestNG.runSuitesLocally(TestNG.java:1102)
at org.testng.TestNG.runSuites(TestNG.java:1032)
at org.testng.TestNG.run(TestNG.java:1000)
at org.testng.remote.AbstractRemoteTestNG.run(AbstractRemoteTestNG.java:115)
at org.testng.remote.RemoteTestNG.initAndRun(RemoteTestNG.java:251)
at org.testng.remote.RemoteTestNG.main(RemoteTestNG.java:77)
]]>
            </full-stacktrace>
          </exception> <!-- org.openqa.selenium.SessionNotCreatedException -->
          <reporter-output>
          </reporter-output>
        </test-method> <!-- setUp -->
        <test-method status="SKIP" signature="ELTC_086()[pri:0, instance:com.training.regression.tests.ELTC_086@32709393]" name="ELTC_086" duration-ms="0" started-at="2019-09-25T14:40:37 IST" finished-at="2019-09-25T14:40:37 IST">
          <exception class="org.openqa.selenium.SessionNotCreatedException">
            <message>
              <![CDATA[session not created: This version of ChromeDriver only supports Chrome version 75
Build info: version: '3.6.0', revision: '6fbf3ec767', time: '2017-09-27T15:28:36.4Z'
System info: host: 'DESKTOP-D1P74TD', ip: '9.109.224.184', os.name: 'Windows 10', os.arch: 'amd64', os.version: '10.0', java.version: '1.8.0_211'
Driver info: driver.version: ChromeDriver
remote stacktrace: Backtrace:
Ordinal0 [0x00251B43+1448771]
Ordinal0 [0x001D5A31+940593]
Ordinal0 [0x00162293+467603]
Ordinal0 [0x000FF27E+62078]
Ordinal0 [0x000FBBBD+48061]
Ordinal0 [0x00118D09+167177]
Ordinal0 [0x001188DD+166109]
Ordinal0 [0x00116FEB+159723]
Ordinal0 [0x001009F6+68086]
Ordinal0 [0x00101990+72080]
Ordinal0 [0x00101929+71977]
GetHandleVerifier [0x00392E8C+1172172]
GetHandleVerifier [0x002EFE55+504469]
GetHandleVerifier [0x002EFBF0+503856]
Ordinal0 [0x0025C9C8+1493448]
GetHandleVerifier [0x002F062A+506474]
Ordinal0 [0x001E7156+1012054]
Ordinal0 [0x001E6FCF+1011663]
Ordinal0 [0x001F135B+1053531]
Ordinal0 [0x001F14C3+1053891]
Ordinal0 [0x001F04F5+1049845]
BaseThreadInitThunk [0x74D80419+25]
RtlGetAppContainerNamedObjectPath [0x7737662D+237]
RtlGetAppContainerNamedObjectPath [0x773765FD+189]
(No symbol) [0x00000000]
]]>
            </message>
            <full-stacktrace>
              <![CDATA[org.openqa.selenium.SessionNotCreatedException: session not created: This version of ChromeDriver only supports Chrome version 75
Build info: version: '3.6.0', revision: '6fbf3ec767', time: '2017-09-27T15:28:36.4Z'
System info: host: 'DESKTOP-D1P74TD', ip: '9.109.224.184', os.name: 'Windows 10', os.arch: 'amd64', os.version: '10.0', java.version: '1.8.0_211'
Driver info: driver.version: ChromeDriver
remote stacktrace: Backtrace:
Ordinal0 [0x00251B43+1448771]
Ordinal0 [0x001D5A31+940593]
Ordinal0 [0x00162293+467603]
Ordinal0 [0x000FF27E+62078]
Ordinal0 [0x000FBBBD+48061]
Ordinal0 [0x00118D09+167177]
Ordinal0 [0x001188DD+166109]
Ordinal0 [0x00116FEB+159723]
Ordinal0 [0x001009F6+68086]
Ordinal0 [0x00101990+72080]
Ordinal0 [0x00101929+71977]
GetHandleVerifier [0x00392E8C+1172172]
GetHandleVerifier [0x002EFE55+504469]
GetHandleVerifier [0x002EFBF0+503856]
Ordinal0 [0x0025C9C8+1493448]
GetHandleVerifier [0x002F062A+506474]
Ordinal0 [0x001E7156+1012054]
Ordinal0 [0x001E6FCF+1011663]
Ordinal0 [0x001F135B+1053531]
Ordinal0 [0x001F14C3+1053891]
Ordinal0 [0x001F04F5+1049845]
BaseThreadInitThunk [0x74D80419+25]
RtlGetAppContainerNamedObjectPath [0x7737662D+237]
RtlGetAppContainerNamedObjectPath [0x773765FD+189]
(No symbol) [0x00000000]

at sun.reflect.NativeConstructorAccessorImpl.newInstance0(Native Method)
at sun.reflect.NativeConstructorAccessorImpl.newInstance(Unknown Source)
at sun.reflect.DelegatingConstructorAccessorImpl.newInstance(Unknown Source)
at java.lang.reflect.Constructor.newInstance(Unknown Source)
at org.openqa.selenium.remote.W3CHandshakeResponse.lambda$new$0(W3CHandshakeResponse.java:57)
at org.openqa.selenium.remote.W3CHandshakeResponse.lambda$getResponseFunction$2(W3CHandshakeResponse.java:104)
at org.openqa.selenium.remote.ProtocolHandshake.lambda$createSession$24(ProtocolHandshake.java:359)
at java.util.stream.ReferencePipeline$3$1.accept(Unknown Source)
at java.util.Spliterators$ArraySpliterator.tryAdvance(Unknown Source)
at java.util.stream.ReferencePipeline.forEachWithCancel(Unknown Source)
at java.util.stream.AbstractPipeline.copyIntoWithCancel(Unknown Source)
at java.util.stream.AbstractPipeline.copyInto(Unknown Source)
at java.util.stream.AbstractPipeline.wrapAndCopyInto(Unknown Source)
at java.util.stream.FindOps$FindOp.evaluateSequential(Unknown Source)
at java.util.stream.AbstractPipeline.evaluate(Unknown Source)
at java.util.stream.ReferencePipeline.findFirst(Unknown Source)
at org.openqa.selenium.remote.ProtocolHandshake.createSession(ProtocolHandshake.java:362)
at org.openqa.selenium.remote.ProtocolHandshake.createSession(ProtocolHandshake.java:136)
at org.openqa.selenium.remote.HttpCommandExecutor.execute(HttpCommandExecutor.java:142)
at org.openqa.selenium.remote.service.DriverCommandExecutor.execute(DriverCommandExecutor.java:83)
at org.openqa.selenium.remote.RemoteWebDriver.execute(RemoteWebDriver.java:586)
at org.openqa.selenium.remote.RemoteWebDriver.startSession(RemoteWebDriver.java:217)
at org.openqa.selenium.remote.RemoteWebDriver.<init>(RemoteWebDriver.java:140)
at org.openqa.selenium.chrome.ChromeDriver.<init>(ChromeDriver.java:181)
at org.openqa.selenium.chrome.ChromeDriver.<init>(ChromeDriver.java:168)
at org.openqa.selenium.chrome.ChromeDriver.<init>(ChromeDriver.java:123)
at com.training.utility.DriverFactory.getDriver(DriverFactory.java:24)
at com.training.regression.tests.ELTC_086.setUp(ELTC_086.java:51)
at sun.reflect.NativeMethodAccessorImpl.invoke0(Native Method)
at sun.reflect.NativeMethodAccessorImpl.invoke(Unknown Source)
at sun.reflect.DelegatingMethodAccessorImpl.invoke(Unknown Source)
at java.lang.reflect.Method.invoke(Unknown Source)
at org.testng.internal.MethodInvocationHelper.invokeMethod(MethodInvocationHelper.java:133)
at org.testng.internal.MethodInvocationHelper.invokeMethodConsideringTimeout(MethodInvocationHelper.java:62)
at org.testng.internal.ConfigInvoker.invokeConfigurationMethod(ConfigInvoker.java:340)
at org.testng.internal.ConfigInvoker.invokeConfigurations(ConfigInvoker.java:294)
at org.testng.internal.TestInvoker.runConfigMethods(TestInvoker.java:683)
at org.testng.internal.TestInvoker.invokeMethod(TestInvoker.java:510)
at org.testng.internal.TestInvoker.invokeTestMethod(TestInvoker.java:172)
at org.testng.internal.MethodRunner.runInSequence(MethodRunner.java:46)
at org.testng.internal.TestInvoker$MethodInvocationAgent.invoke(TestInvoker.java:804)
at org.testng.internal.TestInvoker.invokeTestMethods(TestInvoker.java:145)
at org.testng.internal.TestMethodWorker.invokeTestMethods(TestMethodWorker.java:146)
at org.testng.internal.TestMethodWorker.run(TestMethodWorker.java:128)
at java.util.ArrayList.forEach(Unknown Source)
at org.testng.TestRunner.privateRun(TestRunner.java:770)
at org.testng.TestRunner.run(TestRunner.java:591)
at org.testng.SuiteRunner.runTest(SuiteRunner.java:402)
at org.testng.SuiteRunner.runSequentially(SuiteRunner.java:396)
at org.testng.SuiteRunner.privateRun(SuiteRunner.java:355)
at org.testng.SuiteRunner.run(SuiteRunner.java:304)
at org.testng.SuiteRunnerWorker.runSuite(SuiteRunnerWorker.java:53)
at org.testng.SuiteRunnerWorker.run(SuiteRunnerWorker.java:96)
at org.testng.TestNG.runSuitesSequentially(TestNG.java:1180)
at org.testng.TestNG.runSuitesLocally(TestNG.java:1102)
at org.testng.TestNG.runSuites(TestNG.java:1032)
at org.testng.TestNG.run(TestNG.java:1000)
at org.testng.remote.AbstractRemoteTestNG.run(AbstractRemoteTestNG.java:115)
at org.testng.remote.RemoteTestNG.initAndRun(RemoteTestNG.java:251)
at org.testng.remote.RemoteTestNG.main(RemoteTestNG.java:77)
]]>
            </full-stacktrace>
          </exception> <!-- org.openqa.selenium.SessionNotCreatedException -->
          <reporter-output>
          </reporter-output>
        </test-method> <!-- ELTC_086 -->
      </class> <!-- com.training.regression.tests.ELTC_086 -->
    </test> <!-- Default test -->
  </suite> <!-- Default suite -->
</testng-results>
